{
  "RSpec": {
    "coverage": {
      "/home/sliblistick/code/labs/tic-tac-toe-rb-kwk-000/lib/tic_tac_toe.rb": [
        1,
        null,
        null,
        null,
        null,
        null,
        null,
        null,
        null,
        null,
        null,
        1,
        25,
        185,
        null,
        539,
        539,
        539,
        null,
        539,
        539,
        539,
        null,
        539,
        8,
        null,
        null,
        null,
        17,
        null,
        null,
        1,
        22,
        86,
        17,
        null,
        null,
        5,
        null,
        null,
        1,
        8,
        8,
        1,
        null,
        7,
        null,
        null,
        null,
        1,
        10,
        3,
        null,
        7,
        null,
        null,
        null,
        1,
        3,
        2,
        2,
        2,
        2,
        null,
        null,
        null,
        1,
        16,
        16,
        144,
        13,
        null,
        null,
        16,
        null,
        null,
        1,
        15,
        11,
        null,
        4,
        null,
        null,
        null,
        1,
        16,
        16,
        16,
        16,
        16,
        null,
        null,
        1,
        7682,
        null,
        null,
        1,
        17,
        null,
        null,
        1,
        7684,
        null,
        null,
        1,
        7682,
        null,
        null,
        1,
        7680,
        7679,
        7679,
        7679,
        14,
        14,
        14,
        null,
        7665,
        null,
        null,
        null,
        1,
        6,
        13,
        null,
        5,
        1,
        1,
        4,
        0,
        null,
        null
      ]
    },
    "timestamp": 1466556541
  }
}
